<?xml version="1.0" encoding="UTF-8"?>
<testsuite name="com.ait.tests.HomePageTests" tests="1" skipped="0" failures="0" errors="0" timestamp="2023-04-17T16:40:23" hostname="DESKTOP-RFMAGPI" time="0.04">
  <properties/>
  <testcase name="openHomePageTest" classname="com.ait.tests.HomePageTests" time="0.04"/>
  <system-out><![CDATA[18:40:23.154 [Test worker] INFO  com.ait.tests.TestBase -- Start test :openHomePageTestwith data :[]
18:40:23.199 [Test worker] INFO  com.ait.tests.TestBase -- PASSED :openHomePageTest
18:40:23.200 [Test worker] INFO  com.ait.tests.TestBase -- **********************************************************************
]]></system-out>
  <system-err><![CDATA[]]></system-err>
</testsuite>
